#! /c/iverilog/bin/vvp
:ivl_version "12.0 (devel)" "(s20150603-965-g55e06db6)";
:ivl_delay_selection "TYPICAL";
:vpi_time_precision + 0;
:vpi_module "D:\iverilog\lib\ivl\system.vpi";
:vpi_module "D:\iverilog\lib\ivl\vhdl_sys.vpi";
:vpi_module "D:\iverilog\lib\ivl\vhdl_textio.vpi";
:vpi_module "D:\iverilog\lib\ivl\v2005_math.vpi";
:vpi_module "D:\iverilog\lib\ivl\va_math.vpi";
S_00000000011024d0 .scope module, "Data_Mem" "Data_Mem" 2 1;
 .timescale 0 0;
    .port_info 0 /INPUT 1 "clk";
    .port_info 1 /INPUT 1 "rst";
    .port_info 2 /INPUT 1 "WE";
    .port_info 3 /INPUT 32 "WD";
    .port_info 4 /INPUT 32 "A";
    .port_info 5 /OUTPUT 32 "RD";
o0000000001137158 .functor BUFZ 1, C4<z>; HiZ drive
L_00000000001dad10 .functor NOT 1, o0000000001137158, C4<0>, C4<0>, C4<0>;
o0000000001136fd8 .functor BUFZ 32, C4<zzzzzzzzzzzzzzzzzzzzzzzzzzzzzzzz>; HiZ drive
v0000000001102660_0 .net "A", 31 0, o0000000001136fd8;  0 drivers
v0000000001102700_0 .net "RD", 31 0, L_0000000001132140;  1 drivers
o0000000001137038 .functor BUFZ 32, C4<zzzzzzzzzzzzzzzzzzzzzzzzzzzzzzzz>; HiZ drive
v00000000011027a0_0 .net "WD", 31 0, o0000000001137038;  0 drivers
o0000000001137068 .functor BUFZ 1, C4<z>; HiZ drive
v0000000001102840_0 .net "WE", 0 0, o0000000001137068;  0 drivers
v00000000011028e0_0 .net *"_ivl_0", 0 0, L_00000000001dad10;  1 drivers
L_000000000117fc48 .functor BUFT 1, C4<00000000000000000000000000000000>, C4<0>, C4<0>, C4<0>;
v00000000001da960_0 .net/2u *"_ivl_2", 31 0, L_000000000117fc48;  1 drivers
v00000000001daa00_0 .net *"_ivl_4", 31 0, L_00000000001dad80;  1 drivers
o0000000001137128 .functor BUFZ 1, C4<z>; HiZ drive
v00000000001daaa0_0 .net "clk", 0 0, o0000000001137128;  0 drivers
v00000000001dab40 .array "mem", 0 1023, 31 0;
v00000000001dac70_0 .net "rst", 0 0, o0000000001137158;  0 drivers
E_00000000001db2b0 .event posedge, v00000000001daaa0_0;
L_00000000001dad80 .array/port v00000000001dab40, o0000000001136fd8;
L_0000000001132140 .functor MUXZ 32, L_00000000001dad80, L_000000000117fc48, L_00000000001dad10, C4<>;
    .scope S_00000000011024d0;
T_0 ;
    %wait E_00000000001db2b0;
    %load/vec4 v0000000001102840_0;
    %flag_set/vec4 8;
    %jmp/0xz  T_0.0, 8;
    %load/vec4 v00000000011027a0_0;
    %ix/getv 3, v0000000001102660_0;
    %ix/load 4, 0, 0; Constant delay
    %assign/vec4/a/d v00000000001dab40, 0, 4;
T_0.0 ;
    %jmp T_0;
    .thread T_0;
    .scope S_00000000011024d0;
T_1 ;
    %pushi/vec4 32, 0, 32;
    %ix/load 4, 28, 0;
    %flag_set/imm 4, 0;
    %store/vec4a v00000000001dab40, 4, 0;
    %end;
    .thread T_1;
# The file index is used to find the file name in the following table.
:file_names 3;
    "N/A";
    "<interactive>";
    "Data_Mem.v";
