#! /c/iverilog/bin/vvp
:ivl_version "12.0 (devel)" "(s20150603-965-g55e06db6)";
:ivl_delay_selection "TYPICAL";
:vpi_time_precision + 0;
:vpi_module "D:\iverilog\lib\ivl\system.vpi";
:vpi_module "D:\iverilog\lib\ivl\vhdl_sys.vpi";
:vpi_module "D:\iverilog\lib\ivl\vhdl_textio.vpi";
:vpi_module "D:\iverilog\lib\ivl\v2005_math.vpi";
:vpi_module "D:\iverilog\lib\ivl\va_math.vpi";
S_0000000001278560 .scope module, "Single_Cycle_Top_Tb" "Single_Cycle_Top_Tb" 2 2;
 .timescale 0 0;
v00000000012cfca0_0 .var "clk", 0 0;
v00000000012cf020_0 .var "rst", 0 0;
S_000000000122d410 .scope module, "Single_Cycle_Top" "Single_Cycle_Top" 2 6, 3 11 0, S_0000000001278560;
 .timescale 0 0;
    .port_info 0 /INPUT 1 "clk";
    .port_info 1 /INPUT 1 "rst";
v00000000012cdb40_0 .net "ALUControl_Top", 2 0, L_000000000132c980;  1 drivers
v00000000012cdc80_0 .net "ALUResult", 31 0, L_00000000012d0ce0;  1 drivers
v00000000012cdd20_0 .net "ALUSrc", 0 0, L_00000000012d1c80;  1 drivers
v00000000012cebc0_0 .net "ImmSrc", 1 0, L_00000000012d0d80;  1 drivers
v00000000012cff20_0 .net "Imm_Ext_Top", 31 0, L_00000000012cf700;  1 drivers
v00000000012cf7a0_0 .net "MemWrite", 0 0, L_00000000012d1aa0;  1 drivers
v00000000012ce800_0 .net "PCPlus4", 31 0, L_00000000012d0060;  1 drivers
v00000000012cf480_0 .net "PC_Top", 31 0, v00000000012cd140_0;  1 drivers
v00000000012ceda0_0 .net "RD1_Top", 31 0, L_00000000012cfd40;  1 drivers
v00000000012d0100_0 .net "RD2_Top", 31 0, L_00000000012cfc00;  1 drivers
v00000000012d04c0_0 .net "RD_Instr", 31 0, L_00000000012cee40;  1 drivers
v00000000012cf520_0 .net "ReadData", 31 0, L_000000000132e820;  1 drivers
v00000000012cef80_0 .net "RegWrite", 0 0, L_00000000012d18c0;  1 drivers
v00000000012cf8e0_0 .net "Result", 31 0, L_000000000132c520;  1 drivers
v00000000012ce8a0_0 .net "ResultSrc", 0 0, L_00000000012d0c40;  1 drivers
v00000000012cea80_0 .net "SrcB", 31 0, L_00000000012d0560;  1 drivers
v00000000012ce120_0 .net "clk", 0 0, v00000000012cfca0_0;  1 drivers
v00000000012cec60_0 .net "rst", 0 0, v00000000012cf020_0;  1 drivers
L_00000000012ce940 .part L_00000000012cee40, 15, 5;
L_00000000012cf5c0 .part L_00000000012cee40, 20, 5;
L_00000000012cf160 .part L_00000000012cee40, 7, 5;
L_00000000012ce9e0 .part L_00000000012d0d80, 0, 1;
L_000000000132d100 .part L_00000000012cee40, 0, 7;
L_000000000132cc00 .part L_00000000012cee40, 12, 3;
L_000000000132cca0 .part L_00000000012cee40, 0, 7;
S_000000000122d5a0 .scope module, "ALU" "ALU" 3 64, 4 1 0, S_000000000122d410;
 .timescale 0 0;
    .port_info 0 /INPUT 32 "A";
    .port_info 1 /INPUT 32 "B";
    .port_info 2 /OUTPUT 32 "Result";
    .port_info 3 /INPUT 3 "ALUControl";
    .port_info 4 /OUTPUT 1 "OverFlow";
    .port_info 5 /OUTPUT 1 "Carry";
    .port_info 6 /OUTPUT 1 "Zero";
    .port_info 7 /OUTPUT 1 "Negative";
L_00000000012d22d0 .functor BUFT 1, C4<0>, C4<0>, C4<0>, C4<0>;
L_0000000001278330 .functor XNOR 1, L_00000000012cfa20, L_00000000012d22d0, C4<0>, C4<0>;
L_00000000012783a0 .functor NOT 33, L_00000000012d01a0, C4<000000000000000000000000000000000>, C4<000000000000000000000000000000000>, C4<000000000000000000000000000000000>;
L_0000000001277a70 .functor AND 32, L_00000000012cfd40, L_00000000012d0560, C4<11111111111111111111111111111111>, C4<11111111111111111111111111111111>;
L_0000000001277ae0 .functor OR 32, L_00000000012cfd40, L_00000000012d0560, C4<00000000000000000000000000000000>, C4<00000000000000000000000000000000>;
L_0000000001277d10 .functor XOR 1, L_00000000012d13c0, L_00000000012d1b40, C4<0>, C4<0>;
L_00000000012778b0 .functor XOR 1, L_00000000012d1640, L_00000000012d0920, C4<0>, C4<0>;
L_0000000001277610 .functor XOR 1, L_00000000012778b0, L_00000000012d1be0, C4<0>, C4<0>;
L_0000000001278170 .functor NOT 1, L_0000000001277610, C4<0>, C4<0>, C4<0>;
L_00000000012781e0 .functor AND 1, L_0000000001277d10, L_0000000001278170, C4<1>, C4<1>;
L_00000000012782c0 .functor NOT 1, L_00000000012d1f00, C4<0>, C4<0>, C4<0>;
L_0000000001277ca0 .functor AND 1, L_00000000012781e0, L_00000000012782c0, C4<1>, C4<1>;
L_0000000001278090 .functor NOT 1, L_00000000012d1320, C4<0>, C4<0>, C4<0>;
L_0000000001277d80 .functor AND 1, L_0000000001278090, L_00000000012cf840, C4<1>, C4<1>;
L_0000000001277ed0 .functor NOT 32, L_00000000012d0ce0, C4<00000000000000000000000000000000>, C4<00000000000000000000000000000000>, C4<00000000000000000000000000000000>;
v000000000126b5e0_0 .net "A", 31 0, L_00000000012cfd40;  alias, 1 drivers
v000000000126b680_0 .net "ALUControl", 2 0, L_000000000132c980;  alias, 1 drivers
v000000000126b900_0 .net "B", 31 0, L_00000000012d0560;  alias, 1 drivers
v000000000126a140_0 .net "Carry", 0 0, L_0000000001277d80;  1 drivers
v000000000121c050_0 .net "Cout", 0 0, L_00000000012cf840;  1 drivers
v000000000121cc30_0 .net "Negative", 0 0, L_00000000012d1280;  1 drivers
v00000000012b9a80_0 .net "OverFlow", 0 0, L_0000000001277ca0;  1 drivers
v00000000012bb740_0 .net "Result", 31 0, L_00000000012d0ce0;  alias, 1 drivers
v00000000012ba840_0 .net "Sum", 31 0, L_00000000012ce760;  1 drivers
v00000000012bb240_0 .net "Zero", 0 0, L_00000000012d0e20;  1 drivers
v00000000012bad40_0 .net *"_ivl_100", 0 0, L_00000000012d1f00;  1 drivers
v00000000012ba020_0 .net *"_ivl_101", 0 0, L_00000000012782c0;  1 drivers
v00000000012bade0_0 .net *"_ivl_106", 0 0, L_00000000012d1320;  1 drivers
v00000000012baca0_0 .net *"_ivl_107", 0 0, L_0000000001278090;  1 drivers
v00000000012bae80_0 .net *"_ivl_111", 31 0, L_0000000001277ed0;  1 drivers
L_00000000012d2318 .functor BUFT 1, C4<0>, C4<0>, C4<0>, C4<0>;
v00000000012ba7a0_0 .net *"_ivl_12", 0 0, L_00000000012d2318;  1 drivers
v00000000012ba980_0 .net *"_ivl_13", 32 0, L_00000000012cfde0;  1 drivers
L_00000000012d2360 .functor BUFT 1, C4<0>, C4<0>, C4<0>, C4<0>;
v00000000012ba520_0 .net *"_ivl_16", 0 0, L_00000000012d2360;  1 drivers
v00000000012ba2a0_0 .net *"_ivl_17", 32 0, L_00000000012d02e0;  1 drivers
v00000000012baa20_0 .net *"_ivl_19", 32 0, L_00000000012ce300;  1 drivers
L_00000000012d23a8 .functor BUFT 1, C4<0>, C4<0>, C4<0>, C4<0>;
v00000000012bb7e0_0 .net *"_ivl_22", 0 0, L_00000000012d23a8;  1 drivers
v00000000012ba8e0_0 .net *"_ivl_23", 32 0, L_00000000012d01a0;  1 drivers
L_00000000012d23f0 .functor BUFT 1, C4<0>, C4<0>, C4<0>, C4<0>;
v00000000012ba340_0 .net *"_ivl_26", 0 0, L_00000000012d23f0;  1 drivers
v00000000012bb2e0_0 .net *"_ivl_27", 32 0, L_00000000012783a0;  1 drivers
L_00000000012d2438 .functor BUFT 1, C4<000000000000000000000000000000001>, C4<0>, C4<0>, C4<0>;
v00000000012ba5c0_0 .net/2u *"_ivl_29", 32 0, L_00000000012d2438;  1 drivers
v00000000012bb380_0 .net *"_ivl_31", 32 0, L_00000000012ce1c0;  1 drivers
v00000000012bb6a0_0 .net *"_ivl_33", 32 0, L_00000000012cfe80;  1 drivers
v00000000012baf20_0 .net *"_ivl_35", 32 0, L_00000000012d0240;  1 drivers
L_00000000012d2480 .functor BUFT 1, C4<000>, C4<0>, C4<0>, C4<0>;
v00000000012ba660_0 .net/2u *"_ivl_37", 2 0, L_00000000012d2480;  1 drivers
v00000000012ba200_0 .net *"_ivl_39", 0 0, L_00000000012d0420;  1 drivers
v00000000012bafc0_0 .net *"_ivl_4", 0 0, L_00000000012cfa20;  1 drivers
L_00000000012d24c8 .functor BUFT 1, C4<001>, C4<0>, C4<0>, C4<0>;
v00000000012bb420_0 .net/2u *"_ivl_41", 2 0, L_00000000012d24c8;  1 drivers
v00000000012b9f80_0 .net *"_ivl_43", 0 0, L_00000000012ce260;  1 drivers
L_00000000012d2510 .functor BUFT 1, C4<010>, C4<0>, C4<0>, C4<0>;
v00000000012ba700_0 .net/2u *"_ivl_45", 2 0, L_00000000012d2510;  1 drivers
v00000000012ba3e0_0 .net *"_ivl_47", 0 0, L_00000000012ce440;  1 drivers
v00000000012bb060_0 .net *"_ivl_49", 31 0, L_0000000001277a70;  1 drivers
v00000000012baac0_0 .net/2u *"_ivl_5", 0 0, L_00000000012d22d0;  1 drivers
L_00000000012d2558 .functor BUFT 1, C4<011>, C4<0>, C4<0>, C4<0>;
v00000000012bab60_0 .net/2u *"_ivl_51", 2 0, L_00000000012d2558;  1 drivers
v00000000012ba0c0_0 .net *"_ivl_53", 0 0, L_00000000012d0600;  1 drivers
v00000000012bac00_0 .net *"_ivl_55", 31 0, L_0000000001277ae0;  1 drivers
L_00000000012d25a0 .functor BUFT 1, C4<101>, C4<0>, C4<0>, C4<0>;
v00000000012bb100_0 .net/2u *"_ivl_57", 2 0, L_00000000012d25a0;  1 drivers
v00000000012bb1a0_0 .net *"_ivl_59", 0 0, L_00000000012d06a0;  1 drivers
L_00000000012d25e8 .functor BUFT 1, C4<0000000000000000000000000000000>, C4<0>, C4<0>, C4<0>;
v00000000012bb4c0_0 .net/2u *"_ivl_61", 30 0, L_00000000012d25e8;  1 drivers
v00000000012b9da0_0 .net *"_ivl_64", 0 0, L_00000000012d0880;  1 drivers
v00000000012bb560_0 .net *"_ivl_65", 31 0, L_00000000012ce3a0;  1 drivers
L_00000000012d2630 .functor BUFT 1, C4<00000000000000000000000000000000>, C4<0>, C4<0>, C4<0>;
v00000000012bb600_0 .net/2u *"_ivl_67", 31 0, L_00000000012d2630;  1 drivers
v00000000012bb880_0 .net *"_ivl_69", 31 0, L_00000000012ce4e0;  1 drivers
v00000000012bb920_0 .net *"_ivl_7", 0 0, L_0000000001278330;  1 drivers
v00000000012b9b20_0 .net *"_ivl_71", 31 0, L_00000000012ce620;  1 drivers
v00000000012ba160_0 .net *"_ivl_73", 31 0, L_00000000012ce580;  1 drivers
v00000000012b9bc0_0 .net *"_ivl_75", 31 0, L_00000000012ce6c0;  1 drivers
v00000000012ba480_0 .net *"_ivl_80", 0 0, L_00000000012d13c0;  1 drivers
v00000000012b9c60_0 .net *"_ivl_82", 0 0, L_00000000012d1b40;  1 drivers
v00000000012b9e40_0 .net *"_ivl_83", 0 0, L_0000000001277d10;  1 drivers
v00000000012b9d00_0 .net *"_ivl_86", 0 0, L_00000000012d1640;  1 drivers
v00000000012b9ee0_0 .net *"_ivl_88", 0 0, L_00000000012d0920;  1 drivers
v00000000012bce90_0 .net *"_ivl_89", 0 0, L_00000000012778b0;  1 drivers
v00000000012bbef0_0 .net *"_ivl_9", 32 0, L_00000000012cfac0;  1 drivers
v00000000012bcfd0_0 .net *"_ivl_92", 0 0, L_00000000012d1be0;  1 drivers
v00000000012bc710_0 .net *"_ivl_93", 0 0, L_0000000001277610;  1 drivers
v00000000012bc8f0_0 .net *"_ivl_95", 0 0, L_0000000001278170;  1 drivers
v00000000012bc490_0 .net *"_ivl_97", 0 0, L_00000000012781e0;  1 drivers
L_00000000012cf840 .part L_00000000012d0240, 32, 1;
L_00000000012ce760 .part L_00000000012d0240, 0, 32;
L_00000000012cfa20 .part L_000000000132c980, 0, 1;
L_00000000012cfac0 .concat [ 32 1 0 0], L_00000000012cfd40, L_00000000012d2318;
L_00000000012cfde0 .concat [ 32 1 0 0], L_00000000012d0560, L_00000000012d2360;
L_00000000012d02e0 .arith/sum 33, L_00000000012cfac0, L_00000000012cfde0;
L_00000000012ce300 .concat [ 32 1 0 0], L_00000000012cfd40, L_00000000012d23a8;
L_00000000012d01a0 .concat [ 32 1 0 0], L_00000000012d0560, L_00000000012d23f0;
L_00000000012ce1c0 .arith/sum 33, L_00000000012783a0, L_00000000012d2438;
L_00000000012cfe80 .arith/sum 33, L_00000000012ce300, L_00000000012ce1c0;
L_00000000012d0240 .functor MUXZ 33, L_00000000012cfe80, L_00000000012d02e0, L_0000000001278330, C4<>;
L_00000000012d0420 .cmp/eq 3, L_000000000132c980, L_00000000012d2480;
L_00000000012ce260 .cmp/eq 3, L_000000000132c980, L_00000000012d24c8;
L_00000000012ce440 .cmp/eq 3, L_000000000132c980, L_00000000012d2510;
L_00000000012d0600 .cmp/eq 3, L_000000000132c980, L_00000000012d2558;
L_00000000012d06a0 .cmp/eq 3, L_000000000132c980, L_00000000012d25a0;
L_00000000012d0880 .part L_00000000012ce760, 31, 1;
L_00000000012ce3a0 .concat [ 1 31 0 0], L_00000000012d0880, L_00000000012d25e8;
L_00000000012ce4e0 .functor MUXZ 32, L_00000000012d2630, L_00000000012ce3a0, L_00000000012d06a0, C4<>;
L_00000000012ce620 .functor MUXZ 32, L_00000000012ce4e0, L_0000000001277ae0, L_00000000012d0600, C4<>;
L_00000000012ce580 .functor MUXZ 32, L_00000000012ce620, L_0000000001277a70, L_00000000012ce440, C4<>;
L_00000000012ce6c0 .functor MUXZ 32, L_00000000012ce580, L_00000000012ce760, L_00000000012ce260, C4<>;
L_00000000012d0ce0 .functor MUXZ 32, L_00000000012ce6c0, L_00000000012ce760, L_00000000012d0420, C4<>;
L_00000000012d13c0 .part L_00000000012ce760, 31, 1;
L_00000000012d1b40 .part L_00000000012cfd40, 31, 1;
L_00000000012d1640 .part L_000000000132c980, 0, 1;
L_00000000012d0920 .part L_00000000012d0560, 31, 1;
L_00000000012d1be0 .part L_00000000012cfd40, 31, 1;
L_00000000012d1f00 .part L_000000000132c980, 1, 1;
L_00000000012d1320 .part L_000000000132c980, 1, 1;
L_00000000012d0e20 .reduce/and L_0000000001277ed0;
L_00000000012d1280 .part L_00000000012d0ce0, 31, 1;
S_000000000122d730 .scope module, "Control_Unit" "Control_Unit" 3 75, 5 4 0, S_000000000122d410;
 .timescale 0 0;
    .port_info 0 /INPUT 7 "Op";
    .port_info 1 /OUTPUT 1 "RegWrite";
    .port_info 2 /OUTPUT 2 "ImmSrc";
    .port_info 3 /OUTPUT 1 "ALUSrc";
    .port_info 4 /OUTPUT 1 "MemWrite";
    .port_info 5 /OUTPUT 1 "ResultSrc";
    .port_info 6 /OUTPUT 1 "Branch";
    .port_info 7 /INPUT 3 "funct3";
    .port_info 8 /INPUT 7 "funct7";
    .port_info 9 /OUTPUT 3 "ALUControl";
v00000000012cb9f0_0 .net "ALUControl", 2 0, L_000000000132c980;  alias, 1 drivers
v00000000012ca9b0_0 .net "ALUOp", 1 0, L_00000000012d09c0;  1 drivers
v00000000012cb4f0_0 .net "ALUSrc", 0 0, L_00000000012d1c80;  alias, 1 drivers
v00000000012cbef0_0 .net "Branch", 0 0, L_00000000012d0a60;  1 drivers
v00000000012cbc70_0 .net "ImmSrc", 1 0, L_00000000012d0d80;  alias, 1 drivers
v00000000012ca2d0_0 .net "MemWrite", 0 0, L_00000000012d1aa0;  alias, 1 drivers
v00000000012cbf90_0 .net "Op", 6 0, L_000000000132d100;  1 drivers
v00000000012ca0f0_0 .net "RegWrite", 0 0, L_00000000012d18c0;  alias, 1 drivers
v00000000012caeb0_0 .net "ResultSrc", 0 0, L_00000000012d0c40;  alias, 1 drivers
v00000000012cb450_0 .net "funct3", 2 0, L_000000000132cc00;  1 drivers
v00000000012ca230_0 .net "funct7", 6 0, L_000000000132cca0;  1 drivers
S_00000000011bdb40 .scope module, "ALU_Dec" "ALU_Dec" 5 25, 6 1 0, S_000000000122d730;
 .timescale 0 0;
    .port_info 0 /INPUT 2 "ALUOp";
    .port_info 1 /INPUT 3 "funct3";
    .port_info 2 /INPUT 7 "funct7";
    .port_info 3 /INPUT 7 "op";
    .port_info 4 /OUTPUT 3 "ALUControl";
L_0000000001277920 .functor AND 1, L_00000000012d1140, L_00000000012d1780, C4<1>, C4<1>;
L_0000000001277b50 .functor AND 1, L_0000000001277920, L_000000000132cde0, C4<1>, C4<1>;
L_0000000001277bc0 .functor AND 1, L_000000000132ce80, L_000000000132e8c0, C4<1>, C4<1>;
L_0000000001278480 .functor AND 1, L_0000000001277bc0, L_000000000132df60, C4<1>, C4<1>;
L_00000000012775a0 .functor AND 1, L_000000000132d4c0, L_000000000132e6e0, C4<1>, C4<1>;
L_0000000001277680 .functor AND 1, L_000000000132d560, L_000000000132cfc0, C4<1>, C4<1>;
L_0000000001278100 .functor AND 1, L_000000000132cf20, L_000000000132c5c0, C4<1>, C4<1>;
v00000000012bcd50_0 .net "ALUControl", 2 0, L_000000000132c980;  alias, 1 drivers
v00000000012bd070_0 .net "ALUOp", 1 0, L_00000000012d09c0;  alias, 1 drivers
L_00000000012d2e10 .functor BUFT 1, C4<00>, C4<0>, C4<0>, C4<0>;
v00000000012bbf90_0 .net/2u *"_ivl_0", 1 0, L_00000000012d2e10;  1 drivers
L_00000000012d2ee8 .functor BUFT 1, C4<001>, C4<0>, C4<0>, C4<0>;
v00000000012bc7b0_0 .net/2u *"_ivl_10", 2 0, L_00000000012d2ee8;  1 drivers
v00000000012bcad0_0 .net *"_ivl_100", 2 0, L_000000000132e780;  1 drivers
v00000000012bc530_0 .net *"_ivl_102", 2 0, L_000000000132cb60;  1 drivers
v00000000012bd890_0 .net *"_ivl_104", 2 0, L_000000000132d060;  1 drivers
v00000000012bd4d0_0 .net *"_ivl_106", 2 0, L_000000000132e280;  1 drivers
v00000000012bc850_0 .net *"_ivl_108", 2 0, L_000000000132e3c0;  1 drivers
L_00000000012d2f30 .functor BUFT 1, C4<10>, C4<0>, C4<0>, C4<0>;
v00000000012bc170_0 .net/2u *"_ivl_12", 1 0, L_00000000012d2f30;  1 drivers
v00000000012bd430_0 .net *"_ivl_14", 0 0, L_00000000012d1140;  1 drivers
L_00000000012d2f78 .functor BUFT 1, C4<000>, C4<0>, C4<0>, C4<0>;
v00000000012bc210_0 .net/2u *"_ivl_16", 2 0, L_00000000012d2f78;  1 drivers
v00000000012bc990_0 .net *"_ivl_18", 0 0, L_00000000012d1780;  1 drivers
v00000000012bd1b0_0 .net *"_ivl_2", 0 0, L_00000000012d0ec0;  1 drivers
v00000000012bd110_0 .net *"_ivl_20", 0 0, L_0000000001277920;  1 drivers
v00000000012bcf30_0 .net *"_ivl_23", 0 0, L_00000000012d1500;  1 drivers
v00000000012bd6b0_0 .net *"_ivl_25", 0 0, L_00000000012d1820;  1 drivers
v00000000012bd570_0 .net *"_ivl_26", 1 0, L_00000000012d1a00;  1 drivers
L_00000000012d2fc0 .functor BUFT 1, C4<11>, C4<0>, C4<0>, C4<0>;
v00000000012bbdb0_0 .net/2u *"_ivl_28", 1 0, L_00000000012d2fc0;  1 drivers
v00000000012bbb30_0 .net *"_ivl_30", 0 0, L_000000000132cde0;  1 drivers
v00000000012bc2b0_0 .net *"_ivl_32", 0 0, L_0000000001277b50;  1 drivers
L_00000000012d3008 .functor BUFT 1, C4<001>, C4<0>, C4<0>, C4<0>;
v00000000012bc030_0 .net/2u *"_ivl_34", 2 0, L_00000000012d3008;  1 drivers
L_00000000012d3050 .functor BUFT 1, C4<10>, C4<0>, C4<0>, C4<0>;
v00000000012bd750_0 .net/2u *"_ivl_36", 1 0, L_00000000012d3050;  1 drivers
v00000000012bbbd0_0 .net *"_ivl_38", 0 0, L_000000000132ce80;  1 drivers
L_00000000012d2e58 .functor BUFT 1, C4<000>, C4<0>, C4<0>, C4<0>;
v00000000012bd930_0 .net/2u *"_ivl_4", 2 0, L_00000000012d2e58;  1 drivers
L_00000000012d3098 .functor BUFT 1, C4<000>, C4<0>, C4<0>, C4<0>;
v00000000012bca30_0 .net/2u *"_ivl_40", 2 0, L_00000000012d3098;  1 drivers
v00000000012bd250_0 .net *"_ivl_42", 0 0, L_000000000132e8c0;  1 drivers
v00000000012bccb0_0 .net *"_ivl_44", 0 0, L_0000000001277bc0;  1 drivers
v00000000012bc0d0_0 .net *"_ivl_47", 0 0, L_000000000132c8e0;  1 drivers
v00000000012bcdf0_0 .net *"_ivl_49", 0 0, L_000000000132c7a0;  1 drivers
v00000000012bcc10_0 .net *"_ivl_50", 1 0, L_000000000132d7e0;  1 drivers
L_00000000012d30e0 .functor BUFT 1, C4<11>, C4<0>, C4<0>, C4<0>;
v00000000012bd2f0_0 .net/2u *"_ivl_52", 1 0, L_00000000012d30e0;  1 drivers
v00000000012bcb70_0 .net *"_ivl_54", 0 0, L_000000000132df60;  1 drivers
v00000000012bd390_0 .net *"_ivl_56", 0 0, L_0000000001278480;  1 drivers
L_00000000012d3128 .functor BUFT 1, C4<000>, C4<0>, C4<0>, C4<0>;
v00000000012bbe50_0 .net/2u *"_ivl_58", 2 0, L_00000000012d3128;  1 drivers
L_00000000012d2ea0 .functor BUFT 1, C4<01>, C4<0>, C4<0>, C4<0>;
v00000000012bba90_0 .net/2u *"_ivl_6", 1 0, L_00000000012d2ea0;  1 drivers
L_00000000012d3170 .functor BUFT 1, C4<10>, C4<0>, C4<0>, C4<0>;
v00000000012bc3f0_0 .net/2u *"_ivl_60", 1 0, L_00000000012d3170;  1 drivers
v00000000012bd610_0 .net *"_ivl_62", 0 0, L_000000000132d4c0;  1 drivers
L_00000000012d31b8 .functor BUFT 1, C4<010>, C4<0>, C4<0>, C4<0>;
v00000000012bbc70_0 .net/2u *"_ivl_64", 2 0, L_00000000012d31b8;  1 drivers
v00000000012bd7f0_0 .net *"_ivl_66", 0 0, L_000000000132e6e0;  1 drivers
v00000000012bbd10_0 .net *"_ivl_68", 0 0, L_00000000012775a0;  1 drivers
L_00000000012d3200 .functor BUFT 1, C4<101>, C4<0>, C4<0>, C4<0>;
v00000000012bc350_0 .net/2u *"_ivl_70", 2 0, L_00000000012d3200;  1 drivers
L_00000000012d3248 .functor BUFT 1, C4<10>, C4<0>, C4<0>, C4<0>;
v00000000012bc5d0_0 .net/2u *"_ivl_72", 1 0, L_00000000012d3248;  1 drivers
v00000000012bc670_0 .net *"_ivl_74", 0 0, L_000000000132d560;  1 drivers
L_00000000012d3290 .functor BUFT 1, C4<110>, C4<0>, C4<0>, C4<0>;
v00000000012c8e00_0 .net/2u *"_ivl_76", 2 0, L_00000000012d3290;  1 drivers
v00000000012c8ae0_0 .net *"_ivl_78", 0 0, L_000000000132cfc0;  1 drivers
v00000000012c8ea0_0 .net *"_ivl_8", 0 0, L_00000000012d10a0;  1 drivers
v00000000012c8b80_0 .net *"_ivl_80", 0 0, L_0000000001277680;  1 drivers
L_00000000012d32d8 .functor BUFT 1, C4<011>, C4<0>, C4<0>, C4<0>;
v00000000012c87c0_0 .net/2u *"_ivl_82", 2 0, L_00000000012d32d8;  1 drivers
L_00000000012d3320 .functor BUFT 1, C4<10>, C4<0>, C4<0>, C4<0>;
v00000000012c9c60_0 .net/2u *"_ivl_84", 1 0, L_00000000012d3320;  1 drivers
v00000000012c9f80_0 .net *"_ivl_86", 0 0, L_000000000132cf20;  1 drivers
L_00000000012d3368 .functor BUFT 1, C4<111>, C4<0>, C4<0>, C4<0>;
v00000000012c8540_0 .net/2u *"_ivl_88", 2 0, L_00000000012d3368;  1 drivers
v00000000012c8900_0 .net *"_ivl_90", 0 0, L_000000000132c5c0;  1 drivers
v00000000012c8860_0 .net *"_ivl_92", 0 0, L_0000000001278100;  1 drivers
L_00000000012d33b0 .functor BUFT 1, C4<010>, C4<0>, C4<0>, C4<0>;
v00000000012c8680_0 .net/2u *"_ivl_94", 2 0, L_00000000012d33b0;  1 drivers
L_00000000012d33f8 .functor BUFT 1, C4<000>, C4<0>, C4<0>, C4<0>;
v00000000012c85e0_0 .net/2u *"_ivl_96", 2 0, L_00000000012d33f8;  1 drivers
v00000000012c9260_0 .net *"_ivl_98", 2 0, L_000000000132cac0;  1 drivers
v00000000012c9940_0 .net "funct3", 2 0, L_000000000132cc00;  alias, 1 drivers
v00000000012c96c0_0 .net "funct7", 6 0, L_000000000132cca0;  alias, 1 drivers
v00000000012c89a0_0 .net "op", 6 0, L_000000000132d100;  alias, 1 drivers
L_00000000012d0ec0 .cmp/eq 2, L_00000000012d09c0, L_00000000012d2e10;
L_00000000012d10a0 .cmp/eq 2, L_00000000012d09c0, L_00000000012d2ea0;
L_00000000012d1140 .cmp/eq 2, L_00000000012d09c0, L_00000000012d2f30;
L_00000000012d1780 .cmp/eq 3, L_000000000132cc00, L_00000000012d2f78;
L_00000000012d1500 .part L_000000000132d100, 5, 1;
L_00000000012d1820 .part L_000000000132cca0, 5, 1;
L_00000000012d1a00 .concat [ 1 1 0 0], L_00000000012d1820, L_00000000012d1500;
L_000000000132cde0 .cmp/eq 2, L_00000000012d1a00, L_00000000012d2fc0;
L_000000000132ce80 .cmp/eq 2, L_00000000012d09c0, L_00000000012d3050;
L_000000000132e8c0 .cmp/eq 3, L_000000000132cc00, L_00000000012d3098;
L_000000000132c8e0 .part L_000000000132d100, 5, 1;
L_000000000132c7a0 .part L_000000000132cca0, 5, 1;
L_000000000132d7e0 .concat [ 1 1 0 0], L_000000000132c7a0, L_000000000132c8e0;
L_000000000132df60 .cmp/ne 2, L_000000000132d7e0, L_00000000012d30e0;
L_000000000132d4c0 .cmp/eq 2, L_00000000012d09c0, L_00000000012d3170;
L_000000000132e6e0 .cmp/eq 3, L_000000000132cc00, L_00000000012d31b8;
L_000000000132d560 .cmp/eq 2, L_00000000012d09c0, L_00000000012d3248;
L_000000000132cfc0 .cmp/eq 3, L_000000000132cc00, L_00000000012d3290;
L_000000000132cf20 .cmp/eq 2, L_00000000012d09c0, L_00000000012d3320;
L_000000000132c5c0 .cmp/eq 3, L_000000000132cc00, L_00000000012d3368;
L_000000000132cac0 .functor MUXZ 3, L_00000000012d33f8, L_00000000012d33b0, L_0000000001278100, C4<>;
L_000000000132e780 .functor MUXZ 3, L_000000000132cac0, L_00000000012d32d8, L_0000000001277680, C4<>;
L_000000000132cb60 .functor MUXZ 3, L_000000000132e780, L_00000000012d3200, L_00000000012775a0, C4<>;
L_000000000132d060 .functor MUXZ 3, L_000000000132cb60, L_00000000012d3128, L_0000000001278480, C4<>;
L_000000000132e280 .functor MUXZ 3, L_000000000132d060, L_00000000012d3008, L_0000000001277b50, C4<>;
L_000000000132e3c0 .functor MUXZ 3, L_000000000132e280, L_00000000012d2ee8, L_00000000012d10a0, C4<>;
L_000000000132c980 .functor MUXZ 3, L_000000000132e3c0, L_00000000012d2e58, L_00000000012d0ec0, C4<>;
S_0000000001218230 .scope module, "Main_Dec" "Main_Dec" 5 14, 7 1 0, S_000000000122d730;
 .timescale 0 0;
    .port_info 0 /INPUT 7 "Op";
    .port_info 1 /OUTPUT 1 "RegWrite";
    .port_info 2 /OUTPUT 2 "ImmSrc";
    .port_info 3 /OUTPUT 1 "ALUSrc";
    .port_info 4 /OUTPUT 1 "MemWrite";
    .port_info 5 /OUTPUT 1 "ResultSrc";
    .port_info 6 /OUTPUT 1 "Branch";
    .port_info 7 /OUTPUT 2 "ALUOp";
L_0000000001278410 .functor OR 1, L_00000000012d0f60, L_00000000012d1960, C4<0>, C4<0>;
L_0000000001277df0 .functor OR 1, L_00000000012d1d20, L_00000000012d15a0, C4<0>, C4<0>;
v00000000012c98a0_0 .net "ALUOp", 1 0, L_00000000012d09c0;  alias, 1 drivers
v00000000012c9080_0 .net "ALUSrc", 0 0, L_00000000012d1c80;  alias, 1 drivers
v00000000012c8c20_0 .net "Branch", 0 0, L_00000000012d0a60;  alias, 1 drivers
v00000000012c80e0_0 .net "ImmSrc", 1 0, L_00000000012d0d80;  alias, 1 drivers
v00000000012c8720_0 .net "MemWrite", 0 0, L_00000000012d1aa0;  alias, 1 drivers
v00000000012c9ee0_0 .net "Op", 6 0, L_000000000132d100;  alias, 1 drivers
v00000000012c99e0_0 .net "RegWrite", 0 0, L_00000000012d18c0;  alias, 1 drivers
v00000000012c8220_0 .net "ResultSrc", 0 0, L_00000000012d0c40;  alias, 1 drivers
L_00000000012d2678 .functor BUFT 1, C4<0000011>, C4<0>, C4<0>, C4<0>;
v00000000012c82c0_0 .net/2u *"_ivl_0", 6 0, L_00000000012d2678;  1 drivers
L_00000000012d2708 .functor BUFT 1, C4<1>, C4<0>, C4<0>, C4<0>;
v00000000012c9a80_0 .net/2u *"_ivl_10", 0 0, L_00000000012d2708;  1 drivers
L_00000000012d2750 .functor BUFT 1, C4<0>, C4<0>, C4<0>, C4<0>;
v00000000012c9bc0_0 .net/2u *"_ivl_12", 0 0, L_00000000012d2750;  1 drivers
L_00000000012d2798 .functor BUFT 1, C4<0100011>, C4<0>, C4<0>, C4<0>;
v00000000012c9580_0 .net/2u *"_ivl_16", 6 0, L_00000000012d2798;  1 drivers
v00000000012c8a40_0 .net *"_ivl_18", 0 0, L_00000000012d11e0;  1 drivers
v00000000012c9e40_0 .net *"_ivl_2", 0 0, L_00000000012d0f60;  1 drivers
L_00000000012d27e0 .functor BUFT 1, C4<01>, C4<0>, C4<0>, C4<0>;
v00000000012c9b20_0 .net/2u *"_ivl_20", 1 0, L_00000000012d27e0;  1 drivers
L_00000000012d2828 .functor BUFT 1, C4<1100011>, C4<0>, C4<0>, C4<0>;
v00000000012c8cc0_0 .net/2u *"_ivl_22", 6 0, L_00000000012d2828;  1 drivers
v00000000012c9d00_0 .net *"_ivl_24", 0 0, L_00000000012d1e60;  1 drivers
L_00000000012d2870 .functor BUFT 1, C4<10>, C4<0>, C4<0>, C4<0>;
v00000000012c9da0_0 .net/2u *"_ivl_26", 1 0, L_00000000012d2870;  1 drivers
L_00000000012d28b8 .functor BUFT 1, C4<00>, C4<0>, C4<0>, C4<0>;
v00000000012c9620_0 .net/2u *"_ivl_28", 1 0, L_00000000012d28b8;  1 drivers
v00000000012c8d60_0 .net *"_ivl_30", 1 0, L_00000000012d1460;  1 drivers
L_00000000012d2900 .functor BUFT 1, C4<0000011>, C4<0>, C4<0>, C4<0>;
v00000000012c94e0_0 .net/2u *"_ivl_34", 6 0, L_00000000012d2900;  1 drivers
v00000000012c9120_0 .net *"_ivl_36", 0 0, L_00000000012d1d20;  1 drivers
L_00000000012d2948 .functor BUFT 1, C4<0100011>, C4<0>, C4<0>, C4<0>;
v00000000012c8360_0 .net/2u *"_ivl_38", 6 0, L_00000000012d2948;  1 drivers
L_00000000012d26c0 .functor BUFT 1, C4<0110011>, C4<0>, C4<0>, C4<0>;
v00000000012c9760_0 .net/2u *"_ivl_4", 6 0, L_00000000012d26c0;  1 drivers
v00000000012c8180_0 .net *"_ivl_40", 0 0, L_00000000012d15a0;  1 drivers
v00000000012c8400_0 .net *"_ivl_42", 0 0, L_0000000001277df0;  1 drivers
L_00000000012d2990 .functor BUFT 1, C4<1>, C4<0>, C4<0>, C4<0>;
v00000000012c8f40_0 .net/2u *"_ivl_44", 0 0, L_00000000012d2990;  1 drivers
L_00000000012d29d8 .functor BUFT 1, C4<0>, C4<0>, C4<0>, C4<0>;
v00000000012c84a0_0 .net/2u *"_ivl_46", 0 0, L_00000000012d29d8;  1 drivers
L_00000000012d2a20 .functor BUFT 1, C4<0100011>, C4<0>, C4<0>, C4<0>;
v00000000012c8fe0_0 .net/2u *"_ivl_50", 6 0, L_00000000012d2a20;  1 drivers
v00000000012c91c0_0 .net *"_ivl_52", 0 0, L_00000000012d1fa0;  1 drivers
L_00000000012d2a68 .functor BUFT 1, C4<1>, C4<0>, C4<0>, C4<0>;
v00000000012c9300_0 .net/2u *"_ivl_54", 0 0, L_00000000012d2a68;  1 drivers
L_00000000012d2ab0 .functor BUFT 1, C4<0>, C4<0>, C4<0>, C4<0>;
v00000000012c93a0_0 .net/2u *"_ivl_56", 0 0, L_00000000012d2ab0;  1 drivers
v00000000012c9440_0 .net *"_ivl_6", 0 0, L_00000000012d1960;  1 drivers
L_00000000012d2af8 .functor BUFT 1, C4<0000011>, C4<0>, C4<0>, C4<0>;
v00000000012c9800_0 .net/2u *"_ivl_60", 6 0, L_00000000012d2af8;  1 drivers
v00000000012cbdb0_0 .net *"_ivl_62", 0 0, L_00000000012d1dc0;  1 drivers
L_00000000012d2b40 .functor BUFT 1, C4<1>, C4<0>, C4<0>, C4<0>;
v00000000012cbd10_0 .net/2u *"_ivl_64", 0 0, L_00000000012d2b40;  1 drivers
L_00000000012d2b88 .functor BUFT 1, C4<0>, C4<0>, C4<0>, C4<0>;
v00000000012cba90_0 .net/2u *"_ivl_66", 0 0, L_00000000012d2b88;  1 drivers
L_00000000012d2bd0 .functor BUFT 1, C4<1100011>, C4<0>, C4<0>, C4<0>;
v00000000012ca910_0 .net/2u *"_ivl_70", 6 0, L_00000000012d2bd0;  1 drivers
v00000000012ca550_0 .net *"_ivl_72", 0 0, L_00000000012d16e0;  1 drivers
L_00000000012d2c18 .functor BUFT 1, C4<1>, C4<0>, C4<0>, C4<0>;
v00000000012caaf0_0 .net/2u *"_ivl_74", 0 0, L_00000000012d2c18;  1 drivers
L_00000000012d2c60 .functor BUFT 1, C4<0>, C4<0>, C4<0>, C4<0>;
v00000000012cbe50_0 .net/2u *"_ivl_76", 0 0, L_00000000012d2c60;  1 drivers
v00000000012cbb30_0 .net *"_ivl_8", 0 0, L_0000000001278410;  1 drivers
L_00000000012d2ca8 .functor BUFT 1, C4<0110011>, C4<0>, C4<0>, C4<0>;
v00000000012cb6d0_0 .net/2u *"_ivl_80", 6 0, L_00000000012d2ca8;  1 drivers
v00000000012cb130_0 .net *"_ivl_82", 0 0, L_00000000012d1000;  1 drivers
L_00000000012d2cf0 .functor BUFT 1, C4<10>, C4<0>, C4<0>, C4<0>;
v00000000012ca410_0 .net/2u *"_ivl_84", 1 0, L_00000000012d2cf0;  1 drivers
L_00000000012d2d38 .functor BUFT 1, C4<1100011>, C4<0>, C4<0>, C4<0>;
v00000000012ca190_0 .net/2u *"_ivl_86", 6 0, L_00000000012d2d38;  1 drivers
v00000000012cb950_0 .net *"_ivl_88", 0 0, L_00000000012d0b00;  1 drivers
L_00000000012d2d80 .functor BUFT 1, C4<01>, C4<0>, C4<0>, C4<0>;
v00000000012ca5f0_0 .net/2u *"_ivl_90", 1 0, L_00000000012d2d80;  1 drivers
L_00000000012d2dc8 .functor BUFT 1, C4<00>, C4<0>, C4<0>, C4<0>;
v00000000012ca870_0 .net/2u *"_ivl_92", 1 0, L_00000000012d2dc8;  1 drivers
v00000000012cbbd0_0 .net *"_ivl_94", 1 0, L_00000000012d0ba0;  1 drivers
L_00000000012d0f60 .cmp/eq 7, L_000000000132d100, L_00000000012d2678;
L_00000000012d1960 .cmp/eq 7, L_000000000132d100, L_00000000012d26c0;
L_00000000012d18c0 .functor MUXZ 1, L_00000000012d2750, L_00000000012d2708, L_0000000001278410, C4<>;
L_00000000012d11e0 .cmp/eq 7, L_000000000132d100, L_00000000012d2798;
L_00000000012d1e60 .cmp/eq 7, L_000000000132d100, L_00000000012d2828;
L_00000000012d1460 .functor MUXZ 2, L_00000000012d28b8, L_00000000012d2870, L_00000000012d1e60, C4<>;
L_00000000012d0d80 .functor MUXZ 2, L_00000000012d1460, L_00000000012d27e0, L_00000000012d11e0, C4<>;
L_00000000012d1d20 .cmp/eq 7, L_000000000132d100, L_00000000012d2900;
L_00000000012d15a0 .cmp/eq 7, L_000000000132d100, L_00000000012d2948;
L_00000000012d1c80 .functor MUXZ 1, L_00000000012d29d8, L_00000000012d2990, L_0000000001277df0, C4<>;
L_00000000012d1fa0 .cmp/eq 7, L_000000000132d100, L_00000000012d2a20;
L_00000000012d1aa0 .functor MUXZ 1, L_00000000012d2ab0, L_00000000012d2a68, L_00000000012d1fa0, C4<>;
L_00000000012d1dc0 .cmp/eq 7, L_000000000132d100, L_00000000012d2af8;
L_00000000012d0c40 .functor MUXZ 1, L_00000000012d2b88, L_00000000012d2b40, L_00000000012d1dc0, C4<>;
L_00000000012d16e0 .cmp/eq 7, L_000000000132d100, L_00000000012d2bd0;
L_00000000012d0a60 .functor MUXZ 1, L_00000000012d2c60, L_00000000012d2c18, L_00000000012d16e0, C4<>;
L_00000000012d1000 .cmp/eq 7, L_000000000132d100, L_00000000012d2ca8;
L_00000000012d0b00 .cmp/eq 7, L_000000000132d100, L_00000000012d2d38;
L_00000000012d0ba0 .functor MUXZ 2, L_00000000012d2dc8, L_00000000012d2d80, L_00000000012d0b00, C4<>;
L_00000000012d09c0 .functor MUXZ 2, L_00000000012d0ba0, L_00000000012d2cf0, L_00000000012d1000, C4<>;
S_0000000001206aa0 .scope module, "Data_Mem" "Data_Mem" 3 88, 8 1 0, S_000000000122d410;
 .timescale 0 0;
    .port_info 0 /INPUT 1 "clk";
    .port_info 1 /INPUT 1 "rst";
    .port_info 2 /INPUT 1 "WE";
    .port_info 3 /INPUT 32 "WD";
    .port_info 4 /INPUT 32 "A";
    .port_info 5 /OUTPUT 32 "RD";
L_0000000001277990 .functor NOT 1, v00000000012cf020_0, C4<0>, C4<0>, C4<0>;
v00000000012cac30_0 .net "A", 31 0, L_00000000012d0ce0;  alias, 1 drivers
v00000000012cb3b0_0 .net "RD", 31 0, L_000000000132e820;  alias, 1 drivers
v00000000012cae10_0 .net "WD", 31 0, L_00000000012cfc00;  alias, 1 drivers
v00000000012cb1d0_0 .net "WE", 0 0, L_00000000012d1aa0;  alias, 1 drivers
v00000000012ca370_0 .net *"_ivl_0", 0 0, L_0000000001277990;  1 drivers
L_00000000012d3440 .functor BUFT 1, C4<00000000000000000000000000000000>, C4<0>, C4<0>, C4<0>;
v00000000012ca4b0_0 .net/2u *"_ivl_2", 31 0, L_00000000012d3440;  1 drivers
v00000000012ca690_0 .net *"_ivl_4", 31 0, L_000000000132d240;  1 drivers
v00000000012ca730_0 .net "clk", 0 0, v00000000012cfca0_0;  alias, 1 drivers
v00000000012caf50 .array "mem", 0 1023, 31 0;
v00000000012cb630_0 .net "rst", 0 0, v00000000012cf020_0;  alias, 1 drivers
E_000000000125ced0 .event posedge, v00000000012ca730_0;
L_000000000132d240 .array/port v00000000012caf50, L_00000000012d0ce0;
L_000000000132e820 .functor MUXZ 32, L_000000000132d240, L_00000000012d3440, L_0000000001277990, C4<>;
S_000000000120afe0 .scope module, "Extend" "Extend" 3 51, 9 1 0, S_000000000122d410;
 .timescale 0 0;
    .port_info 0 /INPUT 32 "In";
    .port_info 1 /OUTPUT 32 "Imm_Ext";
    .port_info 2 /INPUT 1 "ImmSrc";
L_00000000012d2288 .functor BUFT 1, C4<1>, C4<0>, C4<0>, C4<0>;
L_0000000001277fb0 .functor XNOR 1, L_00000000012ce9e0, L_00000000012d2288, C4<0>, C4<0>;
v00000000012ca7d0_0 .net "ImmSrc", 0 0, L_00000000012ce9e0;  1 drivers
v00000000012caa50_0 .net "Imm_Ext", 31 0, L_00000000012cf700;  alias, 1 drivers
v00000000012cb590_0 .net "In", 31 0, L_00000000012cee40;  alias, 1 drivers
v00000000012cab90_0 .net/2u *"_ivl_0", 0 0, L_00000000012d2288;  1 drivers
v00000000012cb770_0 .net *"_ivl_11", 4 0, L_00000000012d0740;  1 drivers
v00000000012cacd0_0 .net *"_ivl_12", 31 0, L_00000000012cf340;  1 drivers
v00000000012cad70_0 .net *"_ivl_15", 0 0, L_00000000012cf980;  1 drivers
v00000000012caff0_0 .net *"_ivl_16", 19 0, L_00000000012d0380;  1 drivers
v00000000012cb090_0 .net *"_ivl_19", 11 0, L_00000000012cfb60;  1 drivers
v00000000012cb270_0 .net *"_ivl_2", 0 0, L_0000000001277fb0;  1 drivers
v00000000012cb310_0 .net *"_ivl_20", 31 0, L_00000000012cf660;  1 drivers
v00000000012cb810_0 .net *"_ivl_5", 0 0, L_00000000012cf200;  1 drivers
v00000000012cb8b0_0 .net *"_ivl_6", 19 0, L_00000000012cf2a0;  1 drivers
v00000000012cde60_0 .net *"_ivl_9", 6 0, L_00000000012ceb20;  1 drivers
L_00000000012cf200 .part L_00000000012cee40, 31, 1;
LS_00000000012cf2a0_0_0 .concat [ 1 1 1 1], L_00000000012cf200, L_00000000012cf200, L_00000000012cf200, L_00000000012cf200;
LS_00000000012cf2a0_0_4 .concat [ 1 1 1 1], L_00000000012cf200, L_00000000012cf200, L_00000000012cf200, L_00000000012cf200;
LS_00000000012cf2a0_0_8 .concat [ 1 1 1 1], L_00000000012cf200, L_00000000012cf200, L_00000000012cf200, L_00000000012cf200;
LS_00000000012cf2a0_0_12 .concat [ 1 1 1 1], L_00000000012cf200, L_00000000012cf200, L_00000000012cf200, L_00000000012cf200;
LS_00000000012cf2a0_0_16 .concat [ 1 1 1 1], L_00000000012cf200, L_00000000012cf200, L_00000000012cf200, L_00000000012cf200;
LS_00000000012cf2a0_1_0 .concat [ 4 4 4 4], LS_00000000012cf2a0_0_0, LS_00000000012cf2a0_0_4, LS_00000000012cf2a0_0_8, LS_00000000012cf2a0_0_12;
LS_00000000012cf2a0_1_4 .concat [ 4 0 0 0], LS_00000000012cf2a0_0_16;
L_00000000012cf2a0 .concat [ 16 4 0 0], LS_00000000012cf2a0_1_0, LS_00000000012cf2a0_1_4;
L_00000000012ceb20 .part L_00000000012cee40, 25, 7;
L_00000000012d0740 .part L_00000000012cee40, 7, 5;
L_00000000012cf340 .concat [ 5 7 20 0], L_00000000012d0740, L_00000000012ceb20, L_00000000012cf2a0;
L_00000000012cf980 .part L_00000000012cee40, 31, 1;
LS_00000000012d0380_0_0 .concat [ 1 1 1 1], L_00000000012cf980, L_00000000012cf980, L_00000000012cf980, L_00000000012cf980;
LS_00000000012d0380_0_4 .concat [ 1 1 1 1], L_00000000012cf980, L_00000000012cf980, L_00000000012cf980, L_00000000012cf980;
LS_00000000012d0380_0_8 .concat [ 1 1 1 1], L_00000000012cf980, L_00000000012cf980, L_00000000012cf980, L_00000000012cf980;
LS_00000000012d0380_0_12 .concat [ 1 1 1 1], L_00000000012cf980, L_00000000012cf980, L_00000000012cf980, L_00000000012cf980;
LS_00000000012d0380_0_16 .concat [ 1 1 1 1], L_00000000012cf980, L_00000000012cf980, L_00000000012cf980, L_00000000012cf980;
LS_00000000012d0380_1_0 .concat [ 4 4 4 4], LS_00000000012d0380_0_0, LS_00000000012d0380_0_4, LS_00000000012d0380_0_8, LS_00000000012d0380_0_12;
LS_00000000012d0380_1_4 .concat [ 4 0 0 0], LS_00000000012d0380_0_16;
L_00000000012d0380 .concat [ 16 4 0 0], LS_00000000012d0380_1_0, LS_00000000012d0380_1_4;
L_00000000012cfb60 .part L_00000000012cee40, 20, 12;
L_00000000012cf660 .concat [ 12 20 0 0], L_00000000012cfb60, L_00000000012d0380;
L_00000000012cf700 .functor MUXZ 32, L_00000000012cf660, L_00000000012cf340, L_0000000001277fb0, C4<>;
S_000000000120b170 .scope module, "Inst_Mem" "Inst_Mem" 3 33, 10 1 0, S_000000000122d410;
 .timescale 0 0;
    .port_info 0 /INPUT 1 "rst";
    .port_info 1 /INPUT 32 "A";
    .port_info 2 /OUTPUT 32 "RD";
L_0000000001277f40 .functor NOT 1, v00000000012cf020_0, C4<0>, C4<0>, C4<0>;
v00000000012cc2e0_0 .net "A", 31 0, v00000000012cd140_0;  alias, 1 drivers
v00000000012cdf00_0 .net "RD", 31 0, L_00000000012cee40;  alias, 1 drivers
v00000000012cd960_0 .net *"_ivl_0", 0 0, L_0000000001277f40;  1 drivers
L_00000000012d2120 .functor BUFT 1, C4<00000000000000000000000000000000>, C4<0>, C4<0>, C4<0>;
v00000000012cddc0_0 .net/2u *"_ivl_2", 31 0, L_00000000012d2120;  1 drivers
v00000000012ccd80_0 .net *"_ivl_4", 31 0, L_00000000012ceee0;  1 drivers
v00000000012cc380_0 .net *"_ivl_7", 29 0, L_00000000012cf3e0;  1 drivers
v00000000012ccb00 .array "mem", 0 1023, 31 0;
v00000000012cdfa0_0 .net "rst", 0 0, v00000000012cf020_0;  alias, 1 drivers
L_00000000012ceee0 .array/port v00000000012ccb00, L_00000000012cf3e0;
L_00000000012cf3e0 .part v00000000012cd140_0, 2, 30;
L_00000000012cee40 .functor MUXZ 32, L_00000000012ceee0, L_00000000012d2120, L_0000000001277f40, C4<>;
S_000000000120b300 .scope module, "Mux_DataMemory_to_Register" "Mux" 3 97, 11 1 0, S_000000000122d410;
 .timescale 0 0;
    .port_info 0 /INPUT 32 "a";
    .port_info 1 /INPUT 32 "b";
    .port_info 2 /INPUT 1 "s";
    .port_info 3 /OUTPUT 32 "c";
L_0000000001277c30 .functor NOT 1, L_00000000012d0c40, C4<0>, C4<0>, C4<0>;
v00000000012cd500_0 .net *"_ivl_0", 0 0, L_0000000001277c30;  1 drivers
v00000000012cc920_0 .net "a", 31 0, L_00000000012d0ce0;  alias, 1 drivers
v00000000012cd5a0_0 .net "b", 31 0, L_000000000132e820;  alias, 1 drivers
v00000000012cc100_0 .net "c", 31 0, L_000000000132c520;  alias, 1 drivers
v00000000012ccc40_0 .net "s", 0 0, L_00000000012d0c40;  alias, 1 drivers
L_000000000132c520 .functor MUXZ 32, L_000000000132e820, L_00000000012d0ce0, L_0000000001277c30, C4<>;
S_000000000121f4a0 .scope module, "Mux_Register_to_ALU" "Mux" 3 57, 11 1 0, S_000000000122d410;
 .timescale 0 0;
    .port_info 0 /INPUT 32 "a";
    .port_info 1 /INPUT 32 "b";
    .port_info 2 /INPUT 1 "s";
    .port_info 3 /OUTPUT 32 "c";
L_0000000001278020 .functor NOT 1, L_00000000012d1c80, C4<0>, C4<0>, C4<0>;
v00000000012ccce0_0 .net *"_ivl_0", 0 0, L_0000000001278020;  1 drivers
v00000000012cc600_0 .net "a", 31 0, L_00000000012cfc00;  alias, 1 drivers
v00000000012cd780_0 .net "b", 31 0, L_00000000012cf700;  alias, 1 drivers
v00000000012ccba0_0 .net "c", 31 0, L_00000000012d0560;  alias, 1 drivers
v00000000012cd640_0 .net "s", 0 0, L_00000000012d1c80;  alias, 1 drivers
L_00000000012d0560 .functor MUXZ 32, L_00000000012cf700, L_00000000012cfc00, L_0000000001278020, C4<>;
S_000000000121f630 .scope module, "PC" "PC" 3 20, 12 1 0, S_000000000122d410;
 .timescale 0 0;
    .port_info 0 /INPUT 1 "clk";
    .port_info 1 /INPUT 1 "rst";
    .port_info 2 /OUTPUT 32 "PC";
    .port_info 3 /INPUT 32 "PC_Next";
v00000000012cd140_0 .var "PC", 31 0;
v00000000012cd3c0_0 .net "PC_Next", 31 0, L_00000000012d0060;  alias, 1 drivers
v00000000012cc1a0_0 .net "clk", 0 0, v00000000012cfca0_0;  alias, 1 drivers
v00000000012cc740_0 .net "rst", 0 0, v00000000012cf020_0;  alias, 1 drivers
S_000000000121f7c0 .scope module, "PC_Adder" "PC_Adder" 3 27, 13 1 0, S_000000000122d410;
 .timescale 0 0;
    .port_info 0 /INPUT 32 "a";
    .port_info 1 /INPUT 32 "b";
    .port_info 2 /OUTPUT 32 "c";
v00000000012cc420_0 .net "a", 31 0, v00000000012cd140_0;  alias, 1 drivers
L_00000000012d20d8 .functor BUFT 1, C4<00000000000000000000000000000100>, C4<0>, C4<0>, C4<0>;
v00000000012cc240_0 .net "b", 31 0, L_00000000012d20d8;  1 drivers
v00000000012cc880_0 .net "c", 31 0, L_00000000012d0060;  alias, 1 drivers
L_00000000012d0060 .arith/sum 32, v00000000012cd140_0, L_00000000012d20d8;
S_000000000121ccf0 .scope module, "Reg_File" "Reg_File" 3 39, 14 1 0, S_000000000122d410;
 .timescale 0 0;
    .port_info 0 /INPUT 1 "clk";
    .port_info 1 /INPUT 1 "rst";
    .port_info 2 /INPUT 1 "WE3";
    .port_info 3 /INPUT 32 "WD3";
    .port_info 4 /INPUT 5 "A1";
    .port_info 5 /INPUT 5 "A2";
    .port_info 6 /INPUT 5 "A3";
    .port_info 7 /OUTPUT 32 "RD1";
    .port_info 8 /OUTPUT 32 "RD2";
L_0000000001277e60 .functor NOT 1, v00000000012cf020_0, C4<0>, C4<0>, C4<0>;
L_0000000001277a00 .functor NOT 1, v00000000012cf020_0, C4<0>, C4<0>, C4<0>;
v00000000012cc9c0_0 .net "A1", 4 0, L_00000000012ce940;  1 drivers
v00000000012cc4c0_0 .net "A2", 4 0, L_00000000012cf5c0;  1 drivers
v00000000012cd6e0_0 .net "A3", 4 0, L_00000000012cf160;  1 drivers
v00000000012cdbe0_0 .net "RD1", 31 0, L_00000000012cfd40;  alias, 1 drivers
v00000000012cc7e0_0 .net "RD2", 31 0, L_00000000012cfc00;  alias, 1 drivers
v00000000012cc560 .array "Register", 0 31, 31 0;
v00000000012cd1e0_0 .net "WD3", 31 0, L_000000000132c520;  alias, 1 drivers
v00000000012cd8c0_0 .net "WE3", 0 0, L_00000000012d18c0;  alias, 1 drivers
v00000000012ccec0_0 .net *"_ivl_0", 0 0, L_0000000001277e60;  1 drivers
v00000000012cd820_0 .net *"_ivl_12", 0 0, L_0000000001277a00;  1 drivers
L_00000000012d21f8 .functor BUFT 1, C4<00000000000000000000000000000000>, C4<0>, C4<0>, C4<0>;
v00000000012cd280_0 .net/2u *"_ivl_14", 31 0, L_00000000012d21f8;  1 drivers
v00000000012cca60_0 .net *"_ivl_16", 31 0, L_00000000012cf0c0;  1 drivers
v00000000012cce20_0 .net *"_ivl_18", 6 0, L_00000000012d07e0;  1 drivers
L_00000000012d2168 .functor BUFT 1, C4<00000000000000000000000000000000>, C4<0>, C4<0>, C4<0>;
v00000000012ccf60_0 .net/2u *"_ivl_2", 31 0, L_00000000012d2168;  1 drivers
L_00000000012d2240 .functor BUFT 1, C4<00>, C4<0>, C4<0>, C4<0>;
v00000000012cd000_0 .net *"_ivl_21", 1 0, L_00000000012d2240;  1 drivers
v00000000012cd0a0_0 .net *"_ivl_4", 31 0, L_00000000012ced00;  1 drivers
v00000000012cd320_0 .net *"_ivl_6", 6 0, L_00000000012cffc0;  1 drivers
L_00000000012d21b0 .functor BUFT 1, C4<00>, C4<0>, C4<0>, C4<0>;
v00000000012cd460_0 .net *"_ivl_9", 1 0, L_00000000012d21b0;  1 drivers
v00000000012cda00_0 .net "clk", 0 0, v00000000012cfca0_0;  alias, 1 drivers
v00000000012cdaa0_0 .net "rst", 0 0, v00000000012cf020_0;  alias, 1 drivers
L_00000000012ced00 .array/port v00000000012cc560, L_00000000012cffc0;
L_00000000012cffc0 .concat [ 5 2 0 0], L_00000000012ce940, L_00000000012d21b0;
L_00000000012cfd40 .functor MUXZ 32, L_00000000012ced00, L_00000000012d2168, L_0000000001277e60, C4<>;
L_00000000012cf0c0 .array/port v00000000012cc560, L_00000000012d07e0;
L_00000000012d07e0 .concat [ 5 2 0 0], L_00000000012cf5c0, L_00000000012d2240;
L_00000000012cfc00 .functor MUXZ 32, L_00000000012cf0c0, L_00000000012d21f8, L_0000000001277a00, C4<>;
    .scope S_000000000121f630;
T_0 ;
    %wait E_000000000125ced0;
    %load/vec4 v00000000012cc740_0;
    %inv;
    %flag_set/vec4 8;
    %jmp/0xz  T_0.0, 8;
    %pushi/vec4 0, 0, 32;
    %assign/vec4 v00000000012cd140_0, 0;
    %jmp T_0.1;
T_0.0 ;
    %load/vec4 v00000000012cd3c0_0;
    %assign/vec4 v00000000012cd140_0, 0;
T_0.1 ;
    %jmp T_0;
    .thread T_0;
    .scope S_000000000120b170;
T_1 ;
    %vpi_call 10 12 "$readmemh", "memfile.hex", v00000000012ccb00 {0 0 0};
    %end;
    .thread T_1;
    .scope S_000000000121ccf0;
T_2 ;
    %wait E_000000000125ced0;
    %load/vec4 v00000000012cd8c0_0;
    %flag_set/vec4 8;
    %jmp/0xz  T_2.0, 8;
    %load/vec4 v00000000012cd1e0_0;
    %load/vec4 v00000000012cd6e0_0;
    %pad/u 7;
    %ix/vec4 3;
    %ix/load 4, 0, 0; Constant delay
    %assign/vec4/a/d v00000000012cc560, 0, 4;
T_2.0 ;
    %jmp T_2;
    .thread T_2;
    .scope S_000000000121ccf0;
T_3 ;
    %pushi/vec4 5, 0, 32;
    %ix/load 4, 5, 0;
    %flag_set/imm 4, 0;
    %store/vec4a v00000000012cc560, 4, 0;
    %pushi/vec4 4, 0, 32;
    %ix/load 4, 6, 0;
    %flag_set/imm 4, 0;
    %store/vec4a v00000000012cc560, 4, 0;
    %end;
    .thread T_3;
    .scope S_0000000001206aa0;
T_4 ;
    %wait E_000000000125ced0;
    %load/vec4 v00000000012cb1d0_0;
    %flag_set/vec4 8;
    %jmp/0xz  T_4.0, 8;
    %load/vec4 v00000000012cae10_0;
    %ix/getv 3, v00000000012cac30_0;
    %ix/load 4, 0, 0; Constant delay
    %assign/vec4/a/d v00000000012caf50, 0, 4;
T_4.0 ;
    %jmp T_4;
    .thread T_4;
    .scope S_0000000001206aa0;
T_5 ;
    %pushi/vec4 32, 0, 32;
    %ix/load 4, 28, 0;
    %flag_set/imm 4, 0;
    %store/vec4a v00000000012caf50, 4, 0;
    %end;
    .thread T_5;
    .scope S_0000000001278560;
T_6 ;
    %pushi/vec4 1, 0, 1;
    %store/vec4 v00000000012cfca0_0, 0, 1;
    %end;
    .thread T_6;
    .scope S_0000000001278560;
T_7 ;
    %vpi_call 2 12 "$dumpfile", "Single Cycle.vcd" {0 0 0};
    %vpi_call 2 13 "$dumpvars", 32'sb00000000000000000000000000000000 {0 0 0};
    %end;
    .thread T_7;
    .scope S_0000000001278560;
T_8 ;
    %load/vec4 v00000000012cfca0_0;
    %inv;
    %store/vec4 v00000000012cfca0_0, 0, 1;
    %delay 50, 0;
    %jmp T_8;
    .thread T_8;
    .scope S_0000000001278560;
T_9 ;
    %pushi/vec4 0, 0, 1;
    %assign/vec4 v00000000012cf020_0, 0;
    %delay 150, 0;
    %pushi/vec4 1, 0, 1;
    %assign/vec4 v00000000012cf020_0, 0;
    %delay 450, 0;
    %vpi_call 2 30 "$finish" {0 0 0};
    %end;
    .thread T_9;
# The file index is used to find the file name in the following table.
:file_names 15;
    "N/A";
    "<interactive>";
    "SC_tb.v";
    "./SC_Top.v";
    "./ALU.v";
    "./Control_Unit.v";
    "./ALU_Dec.v";
    "./Main_Dec.v";
    "./Data_Mem.v";
    "./Extend.v";
    "./Inst_Mem.v";
    "./Mux.v";
    "./PC.v";
    "./PC_Adder.v";
    "./Reg_File.v";
